<?xml version="1.0" encoding="UTF-8"?>
<testsuite name="com.example.springboot.ApplicationIntegrationTestingTest" tests="1" skipped="0" failures="0" errors="0" timestamp="2020-12-01T00:46:35" hostname="DESKTOP-516HH26" time="3.76">
  <properties/>
  <testcase name="SaveTest()" classname="com.example.springboot.ApplicationIntegrationTestingTest" time="3.76"/>
  <system-out><![CDATA[16:46:20.952 [Test worker] DEBUG org.springframework.test.context.BootstrapUtils - Instantiating CacheAwareContextLoaderDelegate from class [org.springframework.test.context.cache.DefaultCacheAwareContextLoaderDelegate]
16:46:20.985 [Test worker] DEBUG org.springframework.test.context.BootstrapUtils - Instantiating BootstrapContext using constructor [public org.springframework.test.context.support.DefaultBootstrapContext(java.lang.Class,org.springframework.test.context.CacheAwareContextLoaderDelegate)]
16:46:21.067 [Test worker] DEBUG org.springframework.test.context.BootstrapUtils - Instantiating TestContextBootstrapper for test class [com.example.springboot.ApplicationIntegrationTestingTest] from class [org.springframework.boot.test.context.SpringBootTestContextBootstrapper]
16:46:21.104 [Test worker] INFO org.springframework.boot.test.context.SpringBootTestContextBootstrapper - Neither @ContextConfiguration nor @ContextHierarchy found for test class [com.example.springboot.ApplicationIntegrationTestingTest], using SpringBootContextLoader
16:46:21.114 [Test worker] DEBUG org.springframework.test.context.support.AbstractContextLoader - Did not detect default resource location for test class [com.example.springboot.ApplicationIntegrationTestingTest]: class path resource [com/example/springboot/ApplicationIntegrationTestingTest-context.xml] does not exist
16:46:21.116 [Test worker] DEBUG org.springframework.test.context.support.AbstractContextLoader - Did not detect default resource location for test class [com.example.springboot.ApplicationIntegrationTestingTest]: class path resource [com/example/springboot/ApplicationIntegrationTestingTestContext.groovy] does not exist
16:46:21.117 [Test worker] INFO org.springframework.test.context.support.AbstractContextLoader - Could not detect default resource locations for test class [com.example.springboot.ApplicationIntegrationTestingTest]: no resource found for suffixes {-context.xml, Context.groovy}.
16:46:21.234 [Test worker] DEBUG org.springframework.test.context.support.ActiveProfilesUtils - Could not find an 'annotation declaring class' for annotation type [org.springframework.test.context.ActiveProfiles] and class [com.example.springboot.ApplicationIntegrationTestingTest]
16:46:21.543 [Test worker] DEBUG org.springframework.boot.test.context.SpringBootTestContextBootstrapper - @TestExecutionListeners is not present for class [com.example.springboot.ApplicationIntegrationTestingTest]: using defaults.
16:46:21.544 [Test worker] INFO org.springframework.boot.test.context.SpringBootTestContextBootstrapper - Loaded default TestExecutionListener class names from location [META-INF/spring.factories]: [org.springframework.boot.test.autoconfigure.restdocs.RestDocsTestExecutionListener, org.springframework.boot.test.autoconfigure.web.client.MockRestServiceServerResetTestExecutionListener, org.springframework.boot.test.autoconfigure.web.servlet.MockMvcPrintOnlyOnFailureTestExecutionListener, org.springframework.boot.test.autoconfigure.web.servlet.WebDriverTestExecutionListener, org.springframework.boot.test.autoconfigure.webservices.client.MockWebServiceServerTestExecutionListener, org.springframework.boot.test.mock.mockito.MockitoTestExecutionListener, org.springframework.boot.test.mock.mockito.ResetMocksTestExecutionListener, org.springframework.test.context.web.ServletTestExecutionListener, org.springframework.test.context.support.DirtiesContextBeforeModesTestExecutionListener, org.springframework.test.context.support.DependencyInjectionTestExecutionListener, org.springframework.test.context.support.DirtiesContextTestExecutionListener, org.springframework.test.context.transaction.TransactionalTestExecutionListener, org.springframework.test.context.jdbc.SqlScriptsTestExecutionListener, org.springframework.test.context.event.EventPublishingTestExecutionListener]
16:46:21.593 [Test worker] INFO org.springframework.boot.test.context.SpringBootTestContextBootstrapper - Using TestExecutionListeners: [org.springframework.test.context.web.ServletTestExecutionListener@563ab10f, org.springframework.test.context.support.DirtiesContextBeforeModesTestExecutionListener@3ebd5229, org.springframework.boot.test.mock.mockito.MockitoTestExecutionListener@4187c38b, org.springframework.boot.test.autoconfigure.SpringBootDependencyInjectionTestExecutionListener@392d781a, org.springframework.test.context.support.DirtiesContextTestExecutionListener@3a9c14f9, org.springframework.test.context.transaction.TransactionalTestExecutionListener@6e643599, org.springframework.test.context.jdbc.SqlScriptsTestExecutionListener@11803845, org.springframework.test.context.event.EventPublishingTestExecutionListener@43bf7fc7, org.springframework.boot.test.autoconfigure.restdocs.RestDocsTestExecutionListener@19de8095, org.springframework.boot.test.autoconfigure.web.client.MockRestServiceServerResetTestExecutionListener@5659a6ca, org.springframework.boot.test.autoconfigure.web.servlet.MockMvcPrintOnlyOnFailureTestExecutionListener@460bee54, org.springframework.boot.test.autoconfigure.web.servlet.WebDriverTestExecutionListener@7e72f015, org.springframework.boot.test.autoconfigure.webservices.client.MockWebServiceServerTestExecutionListener@13c51d66, org.springframework.boot.test.mock.mockito.ResetMocksTestExecutionListener@8b19622]
16:46:21.601 [Test worker] DEBUG org.springframework.test.context.support.AbstractDirtiesContextTestExecutionListener - Before test class: context [DefaultTestContext@458fc43b testClass = ApplicationIntegrationTestingTest, testInstance = [null], testMethod = [null], testException = [null], mergedContextConfiguration = [WebMergedContextConfiguration@2a0ad46a testClass = ApplicationIntegrationTestingTest, locations = '{}', classes = '{class com.example.springboot.Application, class com.example.springboot.Application}', contextInitializerClasses = '[]', activeProfiles = '{}', propertySourceLocations = '{}', propertySourceProperties = '{org.springframework.boot.test.context.SpringBootTestContextBootstrapper=true}', contextCustomizers = set[org.springframework.boot.test.autoconfigure.properties.PropertyMappingContextCustomizer@0, org.springframework.boot.test.autoconfigure.web.servlet.WebDriverContextCustomizerFactory$Customizer@22406c6c, org.springframework.boot.test.context.filter.ExcludeFilterContextCustomizer@3b4043c0, org.springframework.boot.test.json.DuplicateJsonObjectContextCustomizerFactory$DuplicateJsonObjectContextCustomizer@5370d422, org.springframework.boot.test.mock.mockito.MockitoContextCustomizer@0, org.springframework.boot.test.web.client.TestRestTemplateContextCustomizer@1498ff8, org.springframework.boot.test.context.SpringBootTestArgs@1], resourceBasePath = 'src/main/webapp', contextLoader = 'org.springframework.boot.test.context.SpringBootContextLoader', parent = [null]], attributes = map['org.springframework.test.context.web.ServletTestExecutionListener.activateListener' -> true]], class annotated with @DirtiesContext [true] with mode [BEFORE_EACH_TEST_METHOD].
16:46:21.680 [Test worker] DEBUG org.springframework.test.context.support.TestPropertySourceUtils - Adding inlined properties to environment: {spring.jmx.enabled=false, org.springframework.boot.test.context.SpringBootTestContextBootstrapper=true}

  .   ____          _            __ _ _
 /\\ / ___'_ __ _ _(_)_ __  __ _ \ \ \ \
( ( )\___ | '_ | '_| | '_ \/ _` | \ \ \ \
 \\/  ___)| |_)| | | | | || (_| |  ) ) ) )
  '  |____| .__|_| |_|_| |_\__, | / / / /
 =========|_|==============|___/=/_/_/_/
 :: Spring Boot ::        (v2.3.3.RELEASE)

2020-11-30 16:46:22.854  INFO 10212 --- [    Test worker] c.e.s.ApplicationIntegrationTestingTest  : Starting ApplicationIntegrationTestingTest on DESKTOP-516HH26 with PID 10212 (started by Amaan in C:\Users\Amaan\h2integration)
2020-11-30 16:46:22.864  INFO 10212 --- [    Test worker] c.e.s.ApplicationIntegrationTestingTest  : No active profile set, falling back to default profiles: default
2020-11-30 16:46:25.650  INFO 10212 --- [    Test worker] .s.d.r.c.RepositoryConfigurationDelegate : Bootstrapping Spring Data JPA repositories in DEFERRED mode.
2020-11-30 16:46:25.886  INFO 10212 --- [    Test worker] .s.d.r.c.RepositoryConfigurationDelegate : Finished Spring Data repository scanning in 201ms. Found 1 JPA repository interfaces.
2020-11-30 16:46:28.117  INFO 10212 --- [    Test worker] o.s.s.concurrent.ThreadPoolTaskExecutor  : Initializing ExecutorService 'applicationTaskExecutor'
2020-11-30 16:46:28.190  INFO 10212 --- [    Test worker] com.zaxxer.hikari.HikariDataSource       : HikariPool-1 - Starting...
2020-11-30 16:46:28.578  INFO 10212 --- [    Test worker] com.zaxxer.hikari.HikariDataSource       : HikariPool-1 - Start completed.
2020-11-30 16:46:28.908  INFO 10212 --- [         task-1] o.hibernate.jpa.internal.util.LogHelper  : HHH000204: Processing PersistenceUnitInfo [name: default]
2020-11-30 16:46:29.219  INFO 10212 --- [         task-1] org.hibernate.Version                    : HHH000412: Hibernate ORM core version 5.4.20.Final
2020-11-30 16:46:30.039  WARN 10212 --- [    Test worker] JpaBaseConfiguration$JpaWebConfiguration : spring.jpa.open-in-view is enabled by default. Therefore, database queries may be performed during view rendering. Explicitly configure spring.jpa.open-in-view to disable this warning
2020-11-30 16:46:30.299  INFO 10212 --- [         task-1] o.hibernate.annotations.common.Version   : HCANN000001: Hibernate Commons Annotations {5.1.0.Final}
2020-11-30 16:46:31.203  INFO 10212 --- [         task-1] org.hibernate.dialect.Dialect            : HHH000400: Using dialect: org.hibernate.dialect.H2Dialect
2020-11-30 16:46:31.553  INFO 10212 --- [    Test worker] o.s.b.a.h2.H2ConsoleAutoConfiguration    : H2 console available at '/h2-console'. Database available at 'jdbc:h2:mem:70fa6df2-25e5-49e4-8be6-dbe1cb0a616e'
2020-11-30 16:46:33.312  INFO 10212 --- [    Test worker] DeferredRepositoryInitializationListener : Triggering deferred initialization of Spring Data repositories…
2020-11-30 16:46:34.582  INFO 10212 --- [         task-1] o.h.e.t.j.p.i.JtaPlatformInitiator       : HHH000490: Using JtaPlatform implementation: [org.hibernate.engine.transaction.jta.platform.internal.NoJtaPlatform]
2020-11-30 16:46:34.601  INFO 10212 --- [         task-1] j.LocalContainerEntityManagerFactoryBean : Initialized JPA EntityManagerFactory for persistence unit 'default'
2020-11-30 16:46:35.573  INFO 10212 --- [    Test worker] DeferredRepositoryInitializationListener : Spring Data repositories initialized!
2020-11-30 16:46:35.619  INFO 10212 --- [    Test worker] c.e.s.ApplicationIntegrationTestingTest  : Started ApplicationIntegrationTestingTest in 13.908 seconds (JVM running for 18.761)
2020-11-30 16:46:35.838  INFO 10212 --- [    Test worker] j.LocalContainerEntityManagerFactoryBean : Closing JPA EntityManagerFactory for persistence unit 'default'
2020-11-30 16:46:35.843  INFO 10212 --- [    Test worker] .SchemaDropperImpl$DelayedDropActionImpl : HHH000477: Starting delayed evictData of schema as part of SessionFactory shut-down'
2020-11-30 16:46:35.861  INFO 10212 --- [    Test worker] o.s.s.concurrent.ThreadPoolTaskExecutor  : Shutting down ExecutorService 'applicationTaskExecutor'
2020-11-30 16:46:35.863  INFO 10212 --- [    Test worker] com.zaxxer.hikari.HikariDataSource       : HikariPool-1 - Shutdown initiated...
2020-11-30 16:46:35.880  INFO 10212 --- [    Test worker] com.zaxxer.hikari.HikariDataSource       : HikariPool-1 - Shutdown completed.

  .   ____          _            __ _ _
 /\\ / ___'_ __ _ _(_)_ __  __ _ \ \ \ \
( ( )\___ | '_ | '_| | '_ \/ _` | \ \ \ \
 \\/  ___)| |_)| | | | | || (_| |  ) ) ) )
  '  |____| .__|_| |_|_| |_\__, | / / / /
 =========|_|==============|___/=/_/_/_/
 :: Spring Boot ::        (v2.3.3.RELEASE)

2020-11-30 16:46:36.015  INFO 10212 --- [    Test worker] c.e.s.ApplicationIntegrationTestingTest  : Starting ApplicationIntegrationTestingTest on DESKTOP-516HH26 with PID 10212 (started by Amaan in C:\Users\Amaan\h2integration)
2020-11-30 16:46:36.015  INFO 10212 --- [    Test worker] c.e.s.ApplicationIntegrationTestingTest  : No active profile set, falling back to default profiles: default
2020-11-30 16:46:36.706  INFO 10212 --- [    Test worker] .s.d.r.c.RepositoryConfigurationDelegate : Bootstrapping Spring Data JPA repositories in DEFERRED mode.
2020-11-30 16:46:36.735  INFO 10212 --- [    Test worker] .s.d.r.c.RepositoryConfigurationDelegate : Finished Spring Data repository scanning in 27ms. Found 1 JPA repository interfaces.
2020-11-30 16:46:37.288  INFO 10212 --- [    Test worker] o.s.s.concurrent.ThreadPoolTaskExecutor  : Initializing ExecutorService 'applicationTaskExecutor'
2020-11-30 16:46:37.296  INFO 10212 --- [    Test worker] com.zaxxer.hikari.HikariDataSource       : HikariPool-2 - Starting...
2020-11-30 16:46:37.304  INFO 10212 --- [    Test worker] com.zaxxer.hikari.HikariDataSource       : HikariPool-2 - Start completed.
2020-11-30 16:46:37.351  INFO 10212 --- [         task-1] o.hibernate.jpa.internal.util.LogHelper  : HHH000204: Processing PersistenceUnitInfo [name: default]
2020-11-30 16:46:37.385  INFO 10212 --- [         task-1] org.hibernate.dialect.Dialect            : HHH000400: Using dialect: org.hibernate.dialect.H2Dialect
2020-11-30 16:46:37.473  INFO 10212 --- [         task-1] o.h.e.t.j.p.i.JtaPlatformInitiator       : HHH000490: Using JtaPlatform implementation: [org.hibernate.engine.transaction.jta.platform.internal.NoJtaPlatform]
2020-11-30 16:46:37.474  INFO 10212 --- [         task-1] j.LocalContainerEntityManagerFactoryBean : Initialized JPA EntityManagerFactory for persistence unit 'default'
2020-11-30 16:46:37.758  WARN 10212 --- [    Test worker] JpaBaseConfiguration$JpaWebConfiguration : spring.jpa.open-in-view is enabled by default. Therefore, database queries may be performed during view rendering. Explicitly configure spring.jpa.open-in-view to disable this warning
2020-11-30 16:46:38.141  INFO 10212 --- [    Test worker] o.s.b.a.h2.H2ConsoleAutoConfiguration    : H2 console available at '/h2-console'. Database available at 'jdbc:h2:mem:702fba88-1d08-4d7d-8e47-76b31baf737e'
2020-11-30 16:46:38.695  INFO 10212 --- [    Test worker] DeferredRepositoryInitializationListener : Triggering deferred initialization of Spring Data repositories…
2020-11-30 16:46:38.845  INFO 10212 --- [    Test worker] DeferredRepositoryInitializationListener : Spring Data repositories initialized!
2020-11-30 16:46:38.853  INFO 10212 --- [    Test worker] c.e.s.ApplicationIntegrationTestingTest  : Started ApplicationIntegrationTestingTest in 2.96 seconds (JVM running for 21.996)
]]></system-out>
  <system-err><![CDATA[]]></system-err>
</testsuite>
